<?xml version="1.0" encoding="UTF-8"?>
<!-- Generated by org.testng.reporters.JUnitReportReporter -->
<testsuite hostname="Vivek-Sharma-2000" failures="0" tests="1" name="Scenarios_Test.Scenario_4_Test" time="4.549" errors="0" timestamp="2022-12-20T21:27:18 IST" skipped="0">
  <testcase classname="Scenarios_Test.Scenario_4_Test" name="S4" time="4.549"/>
  <system-out/>
</testsuite> <!-- Scenarios_Test.Scenario_4_Test -->
