<?xml version="1.0" encoding="UTF-8"?>
<!-- Generated by org.testng.reporters.JUnitReportReporter -->
<testsuite hostname="Vivek-Sharma-2000" failures="0" tests="1" name="Scenarios_Test.Scenario_2_Test" time="14.035" errors="0" timestamp="2022-12-24T11:31:08 IST" skipped="0">
  <testcase classname="Scenarios_Test.Scenario_2_Test" name="S2" time="14.035"/>
  <system-out/>
</testsuite> <!-- Scenarios_Test.Scenario_2_Test -->
