<?xml version="1.0" encoding="UTF-8"?>
<!-- Generated by org.testng.reporters.JUnitReportReporter -->
<testsuite hostname="Vivek-Sharma-2000" failures="0" tests="1" name="Scenarios_Test.Scenario_1_Test" time="8.204" errors="0" timestamp="2022-12-20T21:26:22 IST" skipped="0">
  <testcase classname="Scenarios_Test.Scenario_1_Test" name="S1" time="8.204"/>
  <system-out/>
</testsuite> <!-- Scenarios_Test.Scenario_1_Test -->
