<?xml version="1.0" encoding="UTF-8"?>
<!-- Generated by org.testng.reporters.JUnitReportReporter -->
<testsuite hostname="Vivek-Sharma-2000" failures="0" tests="1" name="Scenarios_Test.Scenario_6_Test" time="27.525" errors="0" timestamp="2022-12-24T15:36:41 IST" skipped="0">
  <testcase classname="Scenarios_Test.Scenario_6_Test" name="S6" time="27.525"/>
  <system-out/>
</testsuite> <!-- Scenarios_Test.Scenario_6_Test -->
