<?xml version="1.0" encoding="UTF-8"?>
<!-- Generated by org.testng.reporters.JUnitReportReporter -->
<testsuite hostname="Vivek-Sharma-2000" failures="0" tests="1" name="Scenarios_Test.Scenario_5_Test" time="14.959" errors="0" timestamp="2022-12-21T21:18:35 IST" skipped="0">
  <testcase classname="Scenarios_Test.Scenario_5_Test" name="S5" time="14.959"/>
  <system-out/>
</testsuite> <!-- Scenarios_Test.Scenario_5_Test -->
