<?xml version="1.0" encoding="UTF-8"?>
<!-- Generated by org.testng.reporters.JUnitReportReporter -->
<testsuite hostname="Vivek-Sharma-2000" failures="0" tests="1" name="Scenarios_Test.Scenario_2_Test" time="13.931" errors="0" timestamp="2022-12-21T20:08:05 IST" skipped="0">
  <testcase classname="Scenarios_Test.Scenario_2_Test" name="S2" time="13.931"/>
  <system-out/>
</testsuite> <!-- Scenarios_Test.Scenario_2_Test -->
